<?xml version="1.0" encoding="UTF-8"?>
<!-- Generated by org.testng.reporters.JUnitXMLReporter -->
<testsuite hostname="ZB-PF1SVJE4" ignored="0" name="Command line test" tests="2" failures="1" timestamp="2021-05-10T13:42:56 CST" time="29.258" errors="0">
  <testcase name="login" time="12.521" classname="com.lzh.jmeter.ui.cases.LoginTest"/>
  <testcase name="test1" time="10.032" classname="com.lzh.jmeter.ui.cases.LoginTest">
    <failure type="java.lang.AssertionError" message="aa与bb不相等 expected [true] but found [false]">
      <![CDATA[java.lang.AssertionError: aa与bb不相等 expected [true] but found [false]
at com.lzh.jmeter.ui.cases.LoginTest.test1(LoginTest.java:19)
at java.util.ArrayList.forEach(ArrayList.java:1259)
at com.lzh.jmeter.ui.cases.LoginTest.main(LoginTest.java:28)
... Removed 27 stack frames]]>
    </failure>
  </testcase> <!-- test1 -->
</testsuite> <!-- Command line test -->
